<?xml version="1.0" encoding="UTF-8"?>
<!-- Generated by org.testng.reporters.JUnitXMLReporter -->
<testsuite hostname="Nikas-MacBook-Pro.local" ignored="0" name="App Test 1" tests="1" failures="1" timestamp="19 Dec 2018 12:39:52 GMT" time="53.791" errors="0">
  <testcase name="checkFriendsNumberTest" time="25.976" classname="com.facebook.tests.FacebookTest">
    <failure type="java.lang.AssertionError" message="expected [134] but found [135]">
      <![CDATA[java.lang.AssertionError: expected [134] but found [135]
at com.facebook.tests.FacebookTest.checkFriendsNumberTest(FacebookTest.java:44)
... Removed 34 stack frames]]>
    </failure>
  </testcase> <!-- checkFriendsNumberTest -->
</testsuite> <!-- App Test 1 -->
