<?xml version="1.0" encoding="UTF-8"?>
<testng-results skipped="0" failed="1" ignored="0" total="1" passed="0">
  <reporter-output>
  </reporter-output>
  <suite name="Functional" duration-ms="53791" started-at="2018-12-19T12:38:58Z" finished-at="2018-12-19T12:39:52Z">
    <groups>
    </groups>
    <test name="App Test 1" duration-ms="53791" started-at="2018-12-19T12:38:58Z" finished-at="2018-12-19T12:39:52Z">
      <class name="com.facebook.tests.FacebookTest">
        <test-method status="PASS" signature="beforeTest()[pri:0, instance:com.facebook.tests.FacebookTest@5315b42e]" name="beforeTest" is-config="true" duration-ms="15499" started-at="2018-12-19T12:38:58Z" finished-at="2018-12-19T12:39:13Z">
          <reporter-output>
          </reporter-output>
        </test-method> <!-- beforeTest -->
        <test-method status="PASS" signature="setupClass()[pri:0, instance:com.facebook.tests.FacebookTest@5315b42e]" name="setupClass" is-config="true" duration-ms="11247" started-at="2018-12-19T12:39:13Z" finished-at="2018-12-19T12:39:25Z">
          <reporter-output>
          </reporter-output>
        </test-method> <!-- setupClass -->
        <test-method status="FAIL" signature="checkFriendsNumberTest()[pri:0, instance:com.facebook.tests.FacebookTest@5315b42e]" name="checkFriendsNumberTest" duration-ms="25976" started-at="2018-12-19T12:39:25Z" finished-at="2018-12-19T12:39:51Z">
          <exception class="java.lang.AssertionError">
            <message>
              <![CDATA[expected [134] but found [135]]]>
            </message>
            <full-stacktrace>
              <![CDATA[java.lang.AssertionError: expected [134] but found [135]
at org.testng.Assert.fail(Assert.java:96)
at org.testng.Assert.failNotEquals(Assert.java:776)
at org.testng.Assert.assertEqualsImpl(Assert.java:137)
at org.testng.Assert.assertEquals(Assert.java:118)
at org.testng.Assert.assertEquals(Assert.java:652)
at org.testng.Assert.assertEquals(Assert.java:662)
at com.facebook.tests.FacebookTest.checkFriendsNumberTest(FacebookTest.java:44)
at sun.reflect.NativeMethodAccessorImpl.invoke0(Native Method)
at sun.reflect.NativeMethodAccessorImpl.invoke(NativeMethodAccessorImpl.java:62)
at sun.reflect.DelegatingMethodAccessorImpl.invoke(DelegatingMethodAccessorImpl.java:43)
at java.lang.reflect.Method.invoke(Method.java:498)
at org.testng.internal.MethodInvocationHelper.invokeMethod(MethodInvocationHelper.java:124)
at org.testng.internal.Invoker.invokeMethod(Invoker.java:583)
at org.testng.internal.Invoker.invokeTestMethod(Invoker.java:719)
at org.testng.internal.Invoker.invokeTestMethods(Invoker.java:989)
at org.testng.internal.TestMethodWorker.invokeTestMethods(TestMethodWorker.java:125)
at org.testng.internal.TestMethodWorker.run(TestMethodWorker.java:109)
at org.testng.TestRunner.privateRun(TestRunner.java:648)
at org.testng.TestRunner.run(TestRunner.java:505)
at org.testng.SuiteRunner.runTest(SuiteRunner.java:455)
at org.testng.SuiteRunner.runSequentially(SuiteRunner.java:450)
at org.testng.SuiteRunner.privateRun(SuiteRunner.java:415)
at org.testng.SuiteRunner.run(SuiteRunner.java:364)
at org.testng.SuiteRunnerWorker.runSuite(SuiteRunnerWorker.java:52)
at org.testng.SuiteRunnerWorker.run(SuiteRunnerWorker.java:84)
at org.testng.TestNG.runSuitesSequentially(TestNG.java:1208)
at org.testng.TestNG.runSuitesLocally(TestNG.java:1137)
at org.testng.TestNG.runSuites(TestNG.java:1049)
at org.testng.TestNG.run(TestNG.java:1017)
at org.apache.maven.surefire.testng.TestNGExecutor.run(TestNGExecutor.java:281)
at org.apache.maven.surefire.testng.TestNGXmlTestSuite.execute(TestNGXmlTestSuite.java:75)
at org.apache.maven.surefire.testng.TestNGProvider.invoke(TestNGProvider.java:121)
at org.apache.maven.surefire.booter.ForkedBooter.invokeProviderInSameClassLoader(ForkedBooter.java:290)
at org.apache.maven.surefire.booter.ForkedBooter.runSuitesInProcess(ForkedBooter.java:242)
at org.apache.maven.surefire.booter.ForkedBooter.main(ForkedBooter.java:121)
]]>
            </full-stacktrace>
          </exception> <!-- java.lang.AssertionError -->
          <reporter-output>
          </reporter-output>
        </test-method> <!-- checkFriendsNumberTest -->
        <test-method status="PASS" signature="afterTest()[pri:0, instance:com.facebook.tests.FacebookTest@5315b42e]" name="afterTest" is-config="true" duration-ms="1041" started-at="2018-12-19T12:39:51Z" finished-at="2018-12-19T12:39:52Z">
          <reporter-output>
          </reporter-output>
        </test-method> <!-- afterTest -->
      </class> <!-- com.facebook.tests.FacebookTest -->
    </test> <!-- App Test 1 -->
  </suite> <!-- Functional -->
</testng-results>
